{"numFailedTestSuites":0,"numFailedTests":0,"numPassedTestSuites":4,"numPassedTests":52,"numPendingTestSuites":0,"numPendingTests":0,"numRuntimeErrorTestSuites":0,"numTodoTests":0,"numTotalTestSuites":4,"numTotalTests":52,"openHandles":[],"snapshot":{"added":0,"didUpdate":false,"failure":false,"filesAdded":0,"filesRemoved":0,"filesRemovedList":[],"filesUnmatched":0,"filesUpdated":0,"matched":0,"total":0,"unchecked":0,"uncheckedKeysByFile":[],"unmatched":0,"updated":0},"startTime":1774435869566,"success":true,"testResults":[{"assertionResults":[{"ancestorTitles":["isSensitive"],"duration":6,"failing":false,"failureDetails":[],"failureMessages":[],"fullName":"isSensitive allows proj-track commands","invocations":1,"location":null,"numPassingAsserts":3,"retryReasons":[],"startAt":1774435873231,"status":"passed","title":"allows proj-track commands"},{"ancestorTitles":["isSensitive"],"duration":1,"failing":false,"failureDetails":[],"failureMessages":[],"fullName":"isSensitive allows track commands","invocations":1,"location":null,"numPassingAsserts":2,"retryReasons":[],"startAt":1774435873238,"status":"passed","title":"allows track commands"},{"ancestorTitles":["isSensitive"],"duration":2,"failing":false,"failureDetails":[],"failureMessages":[],"fullName":"isSensitive allows meaningful commands","invocations":1,"location":null,"numPassingAsserts":5,"retryReasons":[],"startAt":1774435873239,"status":"passed","title":"allows meaningful commands"},{"ancestorTitles":["isSensitive"],"duration":3,"failing":false,"failureDetails":[],"failureMessages":[],"fullName":"isSensitive filters noise commands (exact match)","invocations":1,"location":null,"numPassingAsserts":10,"retryReasons":[],"startAt":1774435873241,"status":"passed","title":"filters noise commands (exact match)"},{"ancestorTitles":["isSensitive"],"duration":1,"failing":false,"failureDetails":[],"failureMessages":[],"fullName":"isSensitive filters noise commands with arguments","invocations":1,"location":null,"numPassingAsserts":4,"retryReasons":[],"startAt":1774435873244,"status":"passed","title":"filters noise commands with arguments"},{"ancestorTitles":["isSensitive"],"duration":1,"failing":false,"failureDetails":[],"failureMessages":[],"fullName":"isSensitive filters commands with password keyword","invocations":1,"location":null,"numPassingAsserts":3,"retryReasons":[],"startAt":1774435873245,"status":"passed","title":"filters commands with password keyword"},{"ancestorTitles":["isSensitive"],"duration":0,"failing":false,"failureDetails":[],"failureMessages":[],"fullName":"isSensitive filters commands with secret keyword","invocations":1,"location":null,"numPassingAsserts":2,"retryReasons":[],"startAt":1774435873246,"status":"passed","title":"filters commands with secret keyword"},{"ancestorTitles":["isSensitive"],"duration":1,"failing":false,"failureDetails":[],"failureMessages":[],"fullName":"isSensitive filters commands with token keyword","invocations":1,"location":null,"numPassingAsserts":2,"retryReasons":[],"startAt":1774435873246,"status":"passed","title":"filters commands with token keyword"},{"ancestorTitles":["isSensitive"],"duration":2,"failing":false,"failureDetails":[],"failureMessages":[],"fullName":"isSensitive filters commands with API key keyword","invocations":1,"location":null,"numPassingAsserts":2,"retryReasons":[],"startAt":1774435873247,"status":"passed","title":"filters commands with API key keyword"},{"ancestorTitles":["isSensitive"],"duration":1,"failing":false,"failureDetails":[],"failureMessages":[],"fullName":"isSensitive filters VS Code internal commands","invocations":1,"location":null,"numPassingAsserts":2,"retryReasons":[],"startAt":1774435873249,"status":"passed","title":"filters VS Code internal commands"},{"ancestorTitles":["isSensitive"],"duration":1,"failing":false,"failureDetails":[],"failureMessages":[],"fullName":"isSensitive filters other internal commands","invocations":1,"location":null,"numPassingAsserts":2,"retryReasons":[],"startAt":1774435873257,"status":"passed","title":"filters other internal commands"},{"ancestorTitles":["isSensitive"],"duration":1,"failing":false,"failureDetails":[],"failureMessages":[],"fullName":"isSensitive filters commands with inline sensitive env assignments","invocations":1,"location":null,"numPassingAsserts":3,"retryReasons":[],"startAt":1774435873258,"status":"passed","title":"filters commands with inline sensitive env assignments"},{"ancestorTitles":["isSensitive"],"duration":0,"failing":false,"failureDetails":[],"failureMessages":[],"fullName":"isSensitive is case-insensitive for sensitive keywords","invocations":1,"location":null,"numPassingAsserts":3,"retryReasons":[],"startAt":1774435873259,"status":"passed","title":"is case-insensitive for sensitive keywords"},{"ancestorTitles":["isNoiseCommand"],"duration":2,"failing":false,"failureDetails":[],"failureMessages":[],"fullName":"isNoiseCommand detects exact noise commands","invocations":1,"location":null,"numPassingAsserts":6,"retryReasons":[],"startAt":1774435873260,"status":"passed","title":"detects exact noise commands"},{"ancestorTitles":["isNoiseCommand"],"duration":1,"failing":false,"failureDetails":[],"failureMessages":[],"fullName":"isNoiseCommand detects noise commands with arguments","invocations":1,"location":null,"numPassingAsserts":4,"retryReasons":[],"startAt":1774435873262,"status":"passed","title":"detects noise commands with arguments"},{"ancestorTitles":["isNoiseCommand"],"duration":2,"failing":false,"failureDetails":[],"failureMessages":[],"fullName":"isNoiseCommand does not flag non-noise commands","invocations":1,"location":null,"numPassingAsserts":4,"retryReasons":[],"startAt":1774435873263,"status":"passed","title":"does not flag non-noise commands"},{"ancestorTitles":["isNoiseCommand"],"duration":1,"failing":false,"failureDetails":[],"failureMessages":[],"fullName":"isNoiseCommand does not match partial names","invocations":1,"location":null,"numPassingAsserts":4,"retryReasons":[],"startAt":1774435873265,"status":"passed","title":"does not match partial names"},{"ancestorTitles":["isNoiseCommand"],"duration":1,"failing":false,"failureDetails":[],"failureMessages":[],"fullName":"isNoiseCommand handles trimming","invocations":1,"location":null,"numPassingAsserts":2,"retryReasons":[],"startAt":1774435873266,"status":"passed","title":"handles trimming"}],"endTime":1774435873270,"message":"","name":"/home/ali-raza/VSI/Personal/NPM PKG/GitLive/proj-track/tests/security-filter.test.ts","startTime":1774435870318,"status":"passed","summary":""},{"assertionResults":[{"ancestorTitles":["isProjectDirectory"],"duration":9,"failing":false,"failureDetails":[],"failureMessages":[],"fullName":"isProjectDirectory returns true when .git directory exists","invocations":1,"location":null,"numPassingAsserts":1,"retryReasons":[],"startAt":1774435873245,"status":"passed","title":"returns true when .git directory exists"},{"ancestorTitles":["isProjectDirectory"],"duration":2,"failing":false,"failureDetails":[],"failureMessages":[],"fullName":"isProjectDirectory returns true when package.json exists","invocations":1,"location":null,"numPassingAsserts":1,"retryReasons":[],"startAt":1774435873255,"status":"passed","title":"returns true when package.json exists"},{"ancestorTitles":["isProjectDirectory"],"duration":1,"failing":false,"failureDetails":[],"failureMessages":[],"fullName":"isProjectDirectory returns true when .proj-track.json exists","invocations":1,"location":null,"numPassingAsserts":1,"retryReasons":[],"startAt":1774435873258,"status":"passed","title":"returns true when .proj-track.json exists"},{"ancestorTitles":["isProjectDirectory"],"duration":1,"failing":false,"failureDetails":[],"failureMessages":[],"fullName":"isProjectDirectory returns false when no project markers exist","invocations":1,"location":null,"numPassingAsserts":1,"retryReasons":[],"startAt":1774435873259,"status":"passed","title":"returns false when no project markers exist"},{"ancestorTitles":["isProjectDirectory"],"duration":1,"failing":false,"failureDetails":[],"failureMessages":[],"fullName":"isProjectDirectory returns true when multiple markers exist","invocations":1,"location":null,"numPassingAsserts":1,"retryReasons":[],"startAt":1774435873261,"status":"passed","title":"returns true when multiple markers exist"},{"ancestorTitles":["isTrackingPaused"],"duration":2,"failing":false,"failureDetails":[],"failureMessages":[],"fullName":"isTrackingPaused returns true when .proj-track.json.paused exists","invocations":1,"location":null,"numPassingAsserts":1,"retryReasons":[],"startAt":1774435873263,"status":"passed","title":"returns true when .proj-track.json.paused exists"},{"ancestorTitles":["isTrackingPaused"],"duration":1,"failing":false,"failureDetails":[],"failureMessages":[],"fullName":"isTrackingPaused returns false when .proj-track.json.paused does not exist","invocations":1,"location":null,"numPassingAsserts":1,"retryReasons":[],"startAt":1774435873265,"status":"passed","title":"returns false when .proj-track.json.paused does not exist"},{"ancestorTitles":["isTrackingPaused"],"duration":1,"failing":false,"failureDetails":[],"failureMessages":[],"fullName":"isTrackingPaused returns false when only .proj-track.json exists (not paused)","invocations":1,"location":null,"numPassingAsserts":1,"retryReasons":[],"startAt":1774435873267,"status":"passed","title":"returns false when only .proj-track.json exists (not paused)"},{"ancestorTitles":["isTrackingDisabled"],"duration":1,"failing":false,"failureDetails":[],"failureMessages":[],"fullName":"isTrackingDisabled returns true when .proj-track-disabled exists","invocations":1,"location":null,"numPassingAsserts":1,"retryReasons":[],"startAt":1774435873269,"status":"passed","title":"returns true when .proj-track-disabled exists"},{"ancestorTitles":["isTrackingDisabled"],"duration":0,"failing":false,"failureDetails":[],"failureMessages":[],"fullName":"isTrackingDisabled returns false when .proj-track-disabled does not exist","invocations":1,"location":null,"numPassingAsserts":1,"retryReasons":[],"startAt":1774435873271,"status":"passed","title":"returns false when .proj-track-disabled does not exist"},{"ancestorTitles":["isTrackingDisabled"],"duration":1,"failing":false,"failureDetails":[],"failureMessages":[],"fullName":"isTrackingDisabled returns false when only .proj-track.json exists (not disabled)","invocations":1,"location":null,"numPassingAsserts":1,"retryReasons":[],"startAt":1774435873272,"status":"passed","title":"returns false when only .proj-track.json exists (not disabled)"}],"endTime":1774435873275,"message":"","name":"/home/ali-raza/VSI/Personal/NPM PKG/GitLive/proj-track/tests/project-detector.test.ts","startTime":1774435870247,"status":"passed","summary":""},{"assertionResults":[{"ancestorTitles":["init command"],"duration":44,"failing":false,"failureDetails":[],"failureMessages":[],"fullName":"init command creates .proj-track.json in current directory","invocations":1,"location":null,"numPassingAsserts":1,"retryReasons":[],"startAt":1774435873201,"status":"passed","title":"creates .proj-track.json in current directory"},{"ancestorTitles":["pause command"],"duration":6,"failing":false,"failureDetails":[],"failureMessages":[],"fullName":"pause command renames .proj-track.json to .proj-track.json.paused","invocations":1,"location":null,"numPassingAsserts":2,"retryReasons":[],"startAt":1774435873246,"status":"passed","title":"renames .proj-track.json to .proj-track.json.paused"},{"ancestorTitles":["pause command"],"duration":4,"failing":false,"failureDetails":[],"failureMessages":[],"fullName":"pause command shows message when already paused","invocations":1,"location":null,"numPassingAsserts":1,"retryReasons":[],"startAt":1774435873252,"status":"passed","title":"shows message when already paused"},{"ancestorTitles":["resume command"],"duration":5,"failing":false,"failureDetails":[],"failureMessages":[],"fullName":"resume command renames .proj-track.json.paused back to .proj-track.json","invocations":1,"location":null,"numPassingAsserts":2,"retryReasons":[],"startAt":1774435873256,"status":"passed","title":"renames .proj-track.json.paused back to .proj-track.json"},{"ancestorTitles":["remove command"],"duration":35,"failing":false,"failureDetails":[],"failureMessages":[],"fullName":"remove command converts .proj-track.json to .proj-track.txt and creates disabled marker","invocations":1,"location":null,"numPassingAsserts":4,"retryReasons":[],"startAt":1774435873262,"status":"passed","title":"converts .proj-track.json to .proj-track.txt and creates disabled marker"},{"ancestorTitles":["remove command"],"duration":3,"failing":false,"failureDetails":[],"failureMessages":[],"fullName":"remove command handles paused state during remove","invocations":1,"location":null,"numPassingAsserts":4,"retryReasons":[],"startAt":1774435873297,"status":"passed","title":"handles paused state during remove"},{"ancestorTitles":["clear command"],"duration":14,"failing":false,"failureDetails":[],"failureMessages":[],"fullName":"clear command clears command history","invocations":1,"location":null,"numPassingAsserts":1,"retryReasons":[],"startAt":1774435873300,"status":"passed","title":"clears command history"},{"ancestorTitles":["list command"],"duration":7,"failing":false,"failureDetails":[],"failureMessages":[],"fullName":"list command shows message when no commands tracked","invocations":1,"location":null,"numPassingAsserts":2,"retryReasons":[],"startAt":1774435873314,"status":"passed","title":"shows message when no commands tracked"},{"ancestorTitles":["list command"],"duration":3,"failing":false,"failureDetails":[],"failureMessages":[],"fullName":"list command lists tracked commands","invocations":1,"location":null,"numPassingAsserts":1,"retryReasons":[],"startAt":1774435873321,"status":"passed","title":"lists tracked commands"}],"endTime":1774435873326,"message":"","name":"/home/ali-raza/VSI/Personal/NPM PKG/GitLive/proj-track/tests/commands.test.ts","startTime":1774435870261,"status":"passed","summary":""},{"assertionResults":[{"ancestorTitles":["readHistory"],"duration":10,"failing":false,"failureDetails":[],"failureMessages":[],"fullName":"readHistory returns empty history when file does not exist","invocations":1,"location":null,"numPassingAsserts":2,"retryReasons":[],"startAt":1774435873311,"status":"passed","title":"returns empty history when file does not exist"},{"ancestorTitles":["readHistory"],"duration":2,"failing":false,"failureDetails":[],"failureMessages":[],"fullName":"readHistory reads existing history file","invocations":1,"location":null,"numPassingAsserts":3,"retryReasons":[],"startAt":1774435873322,"status":"passed","title":"reads existing history file"},{"ancestorTitles":["readHistory"],"duration":2,"failing":false,"failureDetails":[],"failureMessages":[],"fullName":"readHistory handles malformed JSON gracefully","invocations":1,"location":null,"numPassingAsserts":1,"retryReasons":[],"startAt":1774435873324,"status":"passed","title":"handles malformed JSON gracefully"},{"ancestorTitles":["writeHistory"],"duration":1,"failing":false,"failureDetails":[],"failureMessages":[],"fullName":"writeHistory writes history to .proj-track.json","invocations":1,"location":null,"numPassingAsserts":2,"retryReasons":[],"startAt":1774435873326,"status":"passed","title":"writes history to .proj-track.json"},{"ancestorTitles":["appendCommand"],"duration":22,"failing":false,"failureDetails":[],"failureMessages":[],"fullName":"appendCommand appends a new command","invocations":1,"location":null,"numPassingAsserts":2,"retryReasons":[],"startAt":1774435873327,"status":"passed","title":"appends a new command"},{"ancestorTitles":["appendCommand"],"duration":1,"failing":false,"failureDetails":[],"failureMessages":[],"fullName":"appendCommand deduplicates consecutive identical commands","invocations":1,"location":null,"numPassingAsserts":1,"retryReasons":[],"startAt":1774435873350,"status":"passed","title":"deduplicates consecutive identical commands"},{"ancestorTitles":["appendCommand"],"duration":1,"failing":false,"failureDetails":[],"failureMessages":[],"fullName":"appendCommand allows same command if not consecutive","invocations":1,"location":null,"numPassingAsserts":1,"retryReasons":[],"startAt":1774435873351,"status":"passed","title":"allows same command if not consecutive"},{"ancestorTitles":["appendCommand"],"duration":9,"failing":false,"failureDetails":[],"failureMessages":[],"fullName":"appendCommand keeps only last 50 commands","invocations":1,"location":null,"numPassingAsserts":3,"retryReasons":[],"startAt":1774435873353,"status":"passed","title":"keeps only last 50 commands"},{"ancestorTitles":["appendCommand"],"duration":2,"failing":false,"failureDetails":[],"failureMessages":[],"fullName":"appendCommand assigns timestamp to each command","invocations":1,"location":null,"numPassingAsserts":1,"retryReasons":[],"startAt":1774435873363,"status":"passed","title":"assigns timestamp to each command"},{"ancestorTitles":["clearHistory"],"duration":7,"failing":false,"failureDetails":[],"failureMessages":[],"fullName":"clearHistory clears all commands","invocations":1,"location":null,"numPassingAsserts":2,"retryReasons":[],"startAt":1774435873365,"status":"passed","title":"clears all commands"},{"ancestorTitles":["convertToTxt"],"duration":2,"failing":false,"failureDetails":[],"failureMessages":[],"fullName":"convertToTxt converts JSON to plain text and removes JSON file","invocations":1,"location":null,"numPassingAsserts":5,"retryReasons":[],"startAt":1774435873372,"status":"passed","title":"converts JSON to plain text and removes JSON file"},{"ancestorTitles":["convertToTxt"],"duration":1,"failing":false,"failureDetails":[],"failureMessages":[],"fullName":"convertToTxt creates txt with placeholder when no commands exist","invocations":1,"location":null,"numPassingAsserts":1,"retryReasons":[],"startAt":1774435873374,"status":"passed","title":"creates txt with placeholder when no commands exist"},{"ancestorTitles":["findCommandById"],"duration":1,"failing":false,"failureDetails":[],"failureMessages":[],"fullName":"findCommandById finds a command by its ID","invocations":1,"location":null,"numPassingAsserts":2,"retryReasons":[],"startAt":1774435873375,"status":"passed","title":"finds a command by its ID"},{"ancestorTitles":["findCommandById"],"duration":1,"failing":false,"failureDetails":[],"failureMessages":[],"fullName":"findCommandById returns undefined for non-existent ID","invocations":1,"location":null,"numPassingAsserts":1,"retryReasons":[],"startAt":1774435873377,"status":"passed","title":"returns undefined for non-existent ID"}],"endTime":1774435873380,"message":"","name":"/home/ali-raza/VSI/Personal/NPM PKG/GitLive/proj-track/tests/file-handler.test.ts","startTime":1774435870306,"status":"passed","summary":""}],"wasInterrupted":false,"coverageMap":{"/home/ali-raza/VSI/Personal/NPM PKG/GitLive/proj-track/src/utils/security-filter.ts":{"path":"/home/ali-raza/VSI/Personal/NPM PKG/GitLive/proj-track/src/utils/security-filter.ts","statementMap":{"0":{"start":{"line":1,"column":27},"end":{"line":15,"column":2}},"1":{"start":{"line":17,"column":26},"end":{"line":21,"column":2}},"2":{"start":{"line":27,"column":23},"end":{"line":40,"column":2}},"3":{"start":{"line":46,"column":18},"end":{"line":46,"column":28}},"4":{"start":{"line":47,"column":2},"end":{"line":51,"column":3}},"5":{"start":{"line":48,"column":4},"end":{"line":50,"column":5}},"6":{"start":{"line":49,"column":6},"end":{"line":49,"column":18}},"7":{"start":{"line":52,"column":2},"end":{"line":52,"column":15}},"8":{"start":{"line":61,"column":2},"end":{"line":63,"column":3}},"9":{"start":{"line":62,"column":4},"end":{"line":62,"column":17}},"10":{"start":{"line":66,"column":2},"end":{"line":68,"column":3}},"11":{"start":{"line":66,"column":39},"end":{"line":66,"column":61}},"12":{"start":{"line":67,"column":4},"end":{"line":67,"column":16}},"13":{"start":{"line":71,"column":2},"end":{"line":73,"column":3}},"14":{"start":{"line":72,"column":4},"end":{"line":72,"column":16}},"15":{"start":{"line":76,"column":19},"end":{"line":76,"column":36}},"16":{"start":{"line":77,"column":2},"end":{"line":79,"column":3}},"17":{"start":{"line":77,"column":41},"end":{"line":77,"column":67}},"18":{"start":{"line":78,"column":4},"end":{"line":78,"column":16}},"19":{"start":{"line":82,"column":2},"end":{"line":84,"column":3}},"20":{"start":{"line":83,"column":4},"end":{"line":83,"column":16}},"21":{"start":{"line":86,"column":2},"end":{"line":86,"column":15}}},"fnMap":{"0":{"name":"isNoiseCommand","decl":{"start":{"line":45,"column":16},"end":{"line":45,"column":30}},"loc":{"start":{"line":45,"column":42},"end":{"line":53,"column":1}}},"1":{"name":"isSensitive","decl":{"start":{"line":59,"column":16},"end":{"line":59,"column":27}},"loc":{"start":{"line":59,"column":39},"end":{"line":87,"column":1}}},"2":{"name":"(anonymous_2)","decl":{"start":{"line":66,"column":29},"end":{"line":66,"column":35}},"loc":{"start":{"line":66,"column":39},"end":{"line":66,"column":61}}},"3":{"name":"(anonymous_3)","decl":{"start":{"line":77,"column":30},"end":{"line":77,"column":37}},"loc":{"start":{"line":77,"column":41},"end":{"line":77,"column":67}}}},"branchMap":{"0":{"loc":{"start":{"line":48,"column":4},"end":{"line":50,"column":5}},"type":"if","locations":[{"start":{"line":48,"column":4},"end":{"line":50,"column":5}},{"start":{},"end":{}}]},"1":{"loc":{"start":{"line":48,"column":8},"end":{"line":48,"column":60}},"type":"binary-expr","locations":[{"start":{"line":48,"column":8},"end":{"line":48,"column":25}},{"start":{"line":48,"column":29},"end":{"line":48,"column":60}}]},"2":{"loc":{"start":{"line":61,"column":2},"end":{"line":63,"column":3}},"type":"if","locations":[{"start":{"line":61,"column":2},"end":{"line":63,"column":3}},{"start":{},"end":{}}]},"3":{"loc":{"start":{"line":61,"column":6},"end":{"line":61,"column":81}},"type":"binary-expr","locations":[{"start":{"line":61,"column":6},"end":{"line":61,"column":34}},{"start":{"line":61,"column":38},"end":{"line":61,"column":62}},{"start":{"line":61,"column":66},"end":{"line":61,"column":81}}]},"4":{"loc":{"start":{"line":66,"column":2},"end":{"line":68,"column":3}},"type":"if","locations":[{"start":{"line":66,"column":2},"end":{"line":68,"column":3}},{"start":{},"end":{}}]},"5":{"loc":{"start":{"line":71,"column":2},"end":{"line":73,"column":3}},"type":"if","locations":[{"start":{"line":71,"column":2},"end":{"line":73,"column":3}},{"start":{},"end":{}}]},"6":{"loc":{"start":{"line":77,"column":2},"end":{"line":79,"column":3}},"type":"if","locations":[{"start":{"line":77,"column":2},"end":{"line":79,"column":3}},{"start":{},"end":{}}]},"7":{"loc":{"start":{"line":82,"column":2},"end":{"line":84,"column":3}},"type":"if","locations":[{"start":{"line":82,"column":2},"end":{"line":84,"column":3}},{"start":{},"end":{}}]}},"s":{"0":1,"1":1,"2":1,"3":54,"4":54,"5":429,"6":28,"7":26,"8":43,"9":5,"10":38,"11":109,"12":4,"13":34,"14":16,"15":18,"16":18,"17":118,"18":12,"19":6,"20":1,"21":5},"f":{"0":54,"1":43,"2":109,"3":118},"b":{"0":[28,401],"1":[429,412],"2":[5,38],"3":[43,40,39],"4":[4,34],"5":[16,18],"6":[12,6],"7":[1,5]}},"/home/ali-raza/VSI/Personal/NPM PKG/GitLive/proj-track/src/utils/project-detector.ts":{"path":"/home/ali-raza/VSI/Personal/NPM PKG/GitLive/proj-track/src/utils/project-detector.ts","statementMap":{"0":{"start":{"line":12,"column":14},"end":{"line":12,"column":34}},"1":{"start":{"line":13,"column":2},"end":{"line":17,"column":4}},"2":{"start":{"line":24,"column":14},"end":{"line":24,"column":34}},"3":{"start":{"line":25,"column":2},"end":{"line":25,"column":66}},"4":{"start":{"line":32,"column":14},"end":{"line":32,"column":34}},"5":{"start":{"line":33,"column":2},"end":{"line":33,"column":63}}},"fnMap":{"0":{"name":"isProjectDirectory","decl":{"start":{"line":11,"column":16},"end":{"line":11,"column":34}},"loc":{"start":{"line":11,"column":47},"end":{"line":18,"column":1}}},"1":{"name":"isTrackingPaused","decl":{"start":{"line":23,"column":16},"end":{"line":23,"column":32}},"loc":{"start":{"line":23,"column":45},"end":{"line":26,"column":1}}},"2":{"name":"isTrackingDisabled","decl":{"start":{"line":31,"column":16},"end":{"line":31,"column":34}},"loc":{"start":{"line":31,"column":47},"end":{"line":34,"column":1}}}},"branchMap":{"0":{"loc":{"start":{"line":12,"column":14},"end":{"line":12,"column":34}},"type":"binary-expr","locations":[{"start":{"line":12,"column":14},"end":{"line":12,"column":17}},{"start":{"line":12,"column":21},"end":{"line":12,"column":34}}]},"1":{"loc":{"start":{"line":14,"column":4},"end":{"line":16,"column":53}},"type":"binary-expr","locations":[{"start":{"line":14,"column":4},"end":{"line":14,"column":41}},{"start":{"line":15,"column":4},"end":{"line":15,"column":49}},{"start":{"line":16,"column":4},"end":{"line":16,"column":53}}]},"2":{"loc":{"start":{"line":24,"column":14},"end":{"line":24,"column":34}},"type":"binary-expr","locations":[{"start":{"line":24,"column":14},"end":{"line":24,"column":17}},{"start":{"line":24,"column":21},"end":{"line":24,"column":34}}]},"3":{"loc":{"start":{"line":32,"column":14},"end":{"line":32,"column":34}},"type":"binary-expr","locations":[{"start":{"line":32,"column":14},"end":{"line":32,"column":17}},{"start":{"line":32,"column":21},"end":{"line":32,"column":34}}]}},"s":{"0":8,"1":8,"2":5,"3":5,"4":3,"5":3},"f":{"0":8,"1":5,"2":3},"b":{"0":[8,3],"1":[8,5,4],"2":[5,2],"3":[3,0]}},"/home/ali-raza/VSI/Personal/NPM PKG/GitLive/proj-track/src/utils/file-handler.ts":{"path":"/home/ali-raza/VSI/Personal/NPM PKG/GitLive/proj-track/src/utils/file-handler.ts","statementMap":{"0":{"start":{"line":15,"column":21},"end":{"line":15,"column":39}},"1":{"start":{"line":16,"column":21},"end":{"line":16,"column":23}},"2":{"start":{"line":19,"column":2},"end":{"line":19,"column":55}},"3":{"start":{"line":27,"column":19},"end":{"line":27,"column":38}},"4":{"start":{"line":29,"column":2},"end":{"line":34,"column":3}},"5":{"start":{"line":30,"column":4},"end":{"line":33,"column":6}},"6":{"start":{"line":36,"column":2},"end":{"line":48,"column":3}},"7":{"start":{"line":37,"column":16},"end":{"line":37,"column":50}},"8":{"start":{"line":38,"column":17},"end":{"line":38,"column":43}},"9":{"start":{"line":39,"column":4},"end":{"line":42,"column":6}},"10":{"start":{"line":44,"column":4},"end":{"line":47,"column":6}},"11":{"start":{"line":55,"column":19},"end":{"line":55,"column":38}},"12":{"start":{"line":56,"column":2},"end":{"line":56,"column":72}},"13":{"start":{"line":63,"column":18},"end":{"line":63,"column":34}},"14":{"start":{"line":66,"column":2},"end":{"line":71,"column":3}},"15":{"start":{"line":67,"column":20},"end":{"line":67,"column":73}},"16":{"start":{"line":68,"column":4},"end":{"line":70,"column":5}},"17":{"start":{"line":69,"column":6},"end":{"line":69,"column":13}},"18":{"start":{"line":73,"column":2},"end":{"line":77,"column":5}},"19":{"start":{"line":80,"column":2},"end":{"line":82,"column":3}},"20":{"start":{"line":81,"column":4},"end":{"line":81,"column":61}},"21":{"start":{"line":84,"column":2},"end":{"line":84,"column":29}},"22":{"start":{"line":91,"column":18},"end":{"line":91,"column":34}},"23":{"start":{"line":92,"column":2},"end":{"line":92,"column":24}},"24":{"start":{"line":93,"column":2},"end":{"line":93,"column":29}},"25":{"start":{"line":101,"column":14},"end":{"line":101,"column":34}},"26":{"start":{"line":102,"column":18},"end":{"line":102,"column":34}},"27":{"start":{"line":103,"column":18},"end":{"line":103,"column":51}},"28":{"start":{"line":105,"column":18},"end":{"line":107,"column":34}},"29":{"start":{"line":106,"column":32},"end":{"line":106,"column":63}},"30":{"start":{"line":109,"column":2},"end":{"line":109,"column":46}},"31":{"start":{"line":111,"column":19},"end":{"line":111,"column":38}},"32":{"start":{"line":112,"column":2},"end":{"line":114,"column":3}},"33":{"start":{"line":113,"column":4},"end":{"line":113,"column":28}},"34":{"start":{"line":121,"column":18},"end":{"line":121,"column":34}},"35":{"start":{"line":122,"column":2},"end":{"line":122,"column":49}},"36":{"start":{"line":122,"column":36},"end":{"line":122,"column":47}}},"fnMap":{"0":{"name":"getHistoryPath","decl":{"start":{"line":18,"column":9},"end":{"line":18,"column":23}},"loc":{"start":{"line":18,"column":36},"end":{"line":20,"column":1}}},"1":{"name":"readHistory","decl":{"start":{"line":26,"column":16},"end":{"line":26,"column":27}},"loc":{"start":{"line":26,"column":40},"end":{"line":49,"column":1}}},"2":{"name":"writeHistory","decl":{"start":{"line":54,"column":16},"end":{"line":54,"column":28}},"loc":{"start":{"line":54,"column":59},"end":{"line":57,"column":1}}},"3":{"name":"appendCommand","decl":{"start":{"line":62,"column":16},"end":{"line":62,"column":29}},"loc":{"start":{"line":62,"column":59},"end":{"line":85,"column":1}}},"4":{"name":"clearHistory","decl":{"start":{"line":90,"column":16},"end":{"line":90,"column":28}},"loc":{"start":{"line":90,"column":41},"end":{"line":94,"column":1}}},"5":{"name":"convertToTxt","decl":{"start":{"line":100,"column":16},"end":{"line":100,"column":28}},"loc":{"start":{"line":100,"column":41},"end":{"line":115,"column":1}}},"6":{"name":"(anonymous_6)","decl":{"start":{"line":106,"column":27},"end":{"line":106,"column":28}},"loc":{"start":{"line":106,"column":32},"end":{"line":106,"column":63}}},"7":{"name":"findCommandById","decl":{"start":{"line":120,"column":16},"end":{"line":120,"column":31}},"loc":{"start":{"line":120,"column":56},"end":{"line":123,"column":1}}},"8":{"name":"(anonymous_8)","decl":{"start":{"line":122,"column":31},"end":{"line":122,"column":32}},"loc":{"start":{"line":122,"column":36},"end":{"line":122,"column":47}}}},"branchMap":{"0":{"loc":{"start":{"line":19,"column":19},"end":{"line":19,"column":39}},"type":"binary-expr","locations":[{"start":{"line":19,"column":19},"end":{"line":19,"column":22}},{"start":{"line":19,"column":26},"end":{"line":19,"column":39}}]},"1":{"loc":{"start":{"line":29,"column":2},"end":{"line":34,"column":3}},"type":"if","locations":[{"start":{"line":29,"column":2},"end":{"line":34,"column":3}},{"start":{},"end":{}}]},"2":{"loc":{"start":{"line":31,"column":33},"end":{"line":31,"column":53}},"type":"binary-expr","locations":[{"start":{"line":31,"column":33},"end":{"line":31,"column":36}},{"start":{"line":31,"column":40},"end":{"line":31,"column":53}}]},"3":{"loc":{"start":{"line":40,"column":19},"end":{"line":40,"column":74}},"type":"binary-expr","locations":[{"start":{"line":40,"column":19},"end":{"line":40,"column":35}},{"start":{"line":40,"column":39},"end":{"line":40,"column":74}}]},"4":{"loc":{"start":{"line":40,"column":53},"end":{"line":40,"column":73}},"type":"binary-expr","locations":[{"start":{"line":40,"column":53},"end":{"line":40,"column":56}},{"start":{"line":40,"column":60},"end":{"line":40,"column":73}}]},"5":{"loc":{"start":{"line":41,"column":16},"end":{"line":41,"column":65}},"type":"cond-expr","locations":[{"start":{"line":41,"column":47},"end":{"line":41,"column":60}},{"start":{"line":41,"column":63},"end":{"line":41,"column":65}}]},"6":{"loc":{"start":{"line":45,"column":33},"end":{"line":45,"column":53}},"type":"binary-expr","locations":[{"start":{"line":45,"column":33},"end":{"line":45,"column":36}},{"start":{"line":45,"column":40},"end":{"line":45,"column":53}}]},"7":{"loc":{"start":{"line":66,"column":2},"end":{"line":71,"column":3}},"type":"if","locations":[{"start":{"line":66,"column":2},"end":{"line":71,"column":3}},{"start":{},"end":{}}]},"8":{"loc":{"start":{"line":68,"column":4},"end":{"line":70,"column":5}},"type":"if","locations":[{"start":{"line":68,"column":4},"end":{"line":70,"column":5}},{"start":{},"end":{}}]},"9":{"loc":{"start":{"line":80,"column":2},"end":{"line":82,"column":3}},"type":"if","locations":[{"start":{"line":80,"column":2},"end":{"line":82,"column":3}},{"start":{},"end":{}}]},"10":{"loc":{"start":{"line":101,"column":14},"end":{"line":101,"column":34}},"type":"binary-expr","locations":[{"start":{"line":101,"column":14},"end":{"line":101,"column":17}},{"start":{"line":101,"column":21},"end":{"line":101,"column":34}}]},"11":{"loc":{"start":{"line":105,"column":18},"end":{"line":107,"column":34}},"type":"cond-expr","locations":[{"start":{"line":106,"column":6},"end":{"line":106,"column":75}},{"start":{"line":107,"column":6},"end":{"line":107,"column":34}}]},"12":{"loc":{"start":{"line":112,"column":2},"end":{"line":114,"column":3}},"type":"if","locations":[{"start":{"line":112,"column":2},"end":{"line":114,"column":3}},{"start":{},"end":{}}]}},"s":{"0":2,"1":2,"2":172,"3":88,"4":88,"5":2,"6":86,"7":86,"8":86,"9":85,"10":1,"11":80,"12":80,"13":68,"14":68,"15":63,"16":63,"17":2,"18":66,"19":66,"20":10,"21":66,"22":2,"23":2,"24":2,"25":4,"26":4,"27":4,"28":4,"29":4,"30":4,"31":4,"32":4,"33":4,"34":2,"35":2,"36":2},"f":{"0":172,"1":88,"2":80,"3":68,"4":2,"5":4,"6":4,"7":2,"8":2},"b":{"0":[172,6],"1":[2,86],"2":[2,1],"3":[85,0],"4":[0,0],"5":[85,0],"6":[1,0],"7":[63,5],"8":[2,61],"9":[10,56],"10":[4,2],"11":[3,1],"12":[4,0]}},"/home/ali-raza/VSI/Personal/NPM PKG/GitLive/proj-track/src/commands/init.ts":{"path":"/home/ali-raza/VSI/Personal/NPM PKG/GitLive/proj-track/src/commands/init.ts","statementMap":{"0":{"start":{"line":12,"column":21},"end":{"line":12,"column":65}},"1":{"start":{"line":14,"column":2},"end":{"line":23,"column":3}},"2":{"start":{"line":15,"column":4},"end":{"line":15,"column":84}},"3":{"start":{"line":18,"column":4},"end":{"line":21,"column":5}},"4":{"start":{"line":19,"column":6},"end":{"line":19,"column":94}},"5":{"start":{"line":20,"column":6},"end":{"line":20,"column":77}},"6":{"start":{"line":22,"column":4},"end":{"line":22,"column":11}},"7":{"start":{"line":26,"column":21},"end":{"line":26,"column":43}},"8":{"start":{"line":27,"column":2},"end":{"line":30,"column":3}},"9":{"start":{"line":28,"column":4},"end":{"line":28,"column":106}},"10":{"start":{"line":29,"column":4},"end":{"line":29,"column":11}},"11":{"start":{"line":33,"column":23},"end":{"line":33,"column":71}},"12":{"start":{"line":34,"column":2},"end":{"line":36,"column":3}},"13":{"start":{"line":35,"column":4},"end":{"line":35,"column":32}},"14":{"start":{"line":39,"column":18},"end":{"line":39,"column":31}},"15":{"start":{"line":40,"column":2},"end":{"line":40,"column":24}},"16":{"start":{"line":42,"column":2},"end":{"line":42,"column":72}},"17":{"start":{"line":43,"column":2},"end":{"line":43,"column":52}},"18":{"start":{"line":46,"column":2},"end":{"line":57,"column":3}},"19":{"start":{"line":47,"column":21},"end":{"line":47,"column":43}},"20":{"start":{"line":48,"column":4},"end":{"line":54,"column":5}},"21":{"start":{"line":49,"column":6},"end":{"line":49,"column":65}},"22":{"start":{"line":50,"column":6},"end":{"line":50,"column":70}},"23":{"start":{"line":50,"column":28},"end":{"line":50,"column":68}},"24":{"start":{"line":51,"column":6},"end":{"line":51,"column":22}},"25":{"start":{"line":52,"column":6},"end":{"line":52,"column":64}},"26":{"start":{"line":53,"column":6},"end":{"line":53,"column":58}},"27":{"start":{"line":56,"column":4},"end":{"line":56,"column":69}},"28":{"start":{"line":59,"column":2},"end":{"line":59,"column":18}},"29":{"start":{"line":60,"column":2},"end":{"line":60,"column":82}},"30":{"start":{"line":61,"column":2},"end":{"line":61,"column":80}},"31":{"start":{"line":62,"column":2},"end":{"line":62,"column":81}},"32":{"start":{"line":63,"column":2},"end":{"line":63,"column":82}}},"fnMap":{"0":{"name":"initCommand","decl":{"start":{"line":11,"column":22},"end":{"line":11,"column":33}},"loc":{"start":{"line":11,"column":33},"end":{"line":64,"column":1}}},"1":{"name":"(anonymous_1)","decl":{"start":{"line":50,"column":23},"end":{"line":50,"column":24}},"loc":{"start":{"line":50,"column":28},"end":{"line":50,"column":68}}}},"branchMap":{"0":{"loc":{"start":{"line":14,"column":2},"end":{"line":23,"column":3}},"type":"if","locations":[{"start":{"line":14,"column":2},"end":{"line":23,"column":3}},{"start":{},"end":{}}]},"1":{"loc":{"start":{"line":18,"column":4},"end":{"line":21,"column":5}},"type":"if","locations":[{"start":{"line":18,"column":4},"end":{"line":21,"column":5}},{"start":{},"end":{}}]},"2":{"loc":{"start":{"line":27,"column":2},"end":{"line":30,"column":3}},"type":"if","locations":[{"start":{"line":27,"column":2},"end":{"line":30,"column":3}},{"start":{},"end":{}}]},"3":{"loc":{"start":{"line":34,"column":2},"end":{"line":36,"column":3}},"type":"if","locations":[{"start":{"line":34,"column":2},"end":{"line":36,"column":3}},{"start":{},"end":{}}]},"4":{"loc":{"start":{"line":46,"column":2},"end":{"line":57,"column":3}},"type":"if","locations":[{"start":{"line":46,"column":2},"end":{"line":57,"column":3}},{"start":{"line":55,"column":9},"end":{"line":57,"column":3}}]},"5":{"loc":{"start":{"line":48,"column":4},"end":{"line":54,"column":5}},"type":"if","locations":[{"start":{"line":48,"column":4},"end":{"line":54,"column":5}},{"start":{},"end":{}}]}},"s":{"0":1,"1":1,"2":0,"3":0,"4":0,"5":0,"6":0,"7":1,"8":1,"9":0,"10":0,"11":1,"12":1,"13":0,"14":1,"15":1,"16":1,"17":1,"18":1,"19":0,"20":0,"21":0,"22":0,"23":0,"24":0,"25":0,"26":0,"27":1,"28":1,"29":1,"30":1,"31":1,"32":1},"f":{"0":1,"1":0},"b":{"0":[0,1],"1":[0,0],"2":[0,1],"3":[0,1],"4":[0,1],"5":[0,0]}},"/home/ali-raza/VSI/Personal/NPM PKG/GitLive/proj-track/src/commands/pause.ts":{"path":"/home/ali-raza/VSI/Personal/NPM PKG/GitLive/proj-track/src/commands/pause.ts","statementMap":{"0":{"start":{"line":10,"column":21},"end":{"line":10,"column":65}},"1":{"start":{"line":11,"column":21},"end":{"line":11,"column":43}},"2":{"start":{"line":13,"column":2},"end":{"line":16,"column":3}},"3":{"start":{"line":14,"column":4},"end":{"line":14,"column":61}},"4":{"start":{"line":15,"column":4},"end":{"line":15,"column":11}},"5":{"start":{"line":18,"column":2},"end":{"line":22,"column":3}},"6":{"start":{"line":19,"column":4},"end":{"line":19,"column":78}},"7":{"start":{"line":20,"column":4},"end":{"line":20,"column":59}},"8":{"start":{"line":21,"column":4},"end":{"line":21,"column":11}},"9":{"start":{"line":24,"column":2},"end":{"line":24,"column":40}},"10":{"start":{"line":25,"column":2},"end":{"line":25,"column":49}},"11":{"start":{"line":26,"column":2},"end":{"line":26,"column":74}}},"fnMap":{"0":{"name":"pauseCommand","decl":{"start":{"line":9,"column":22},"end":{"line":9,"column":34}},"loc":{"start":{"line":9,"column":34},"end":{"line":27,"column":1}}}},"branchMap":{"0":{"loc":{"start":{"line":13,"column":2},"end":{"line":16,"column":3}},"type":"if","locations":[{"start":{"line":13,"column":2},"end":{"line":16,"column":3}},{"start":{},"end":{}}]},"1":{"loc":{"start":{"line":18,"column":2},"end":{"line":22,"column":3}},"type":"if","locations":[{"start":{"line":18,"column":2},"end":{"line":22,"column":3}},{"start":{},"end":{}}]}},"s":{"0":2,"1":2,"2":2,"3":1,"4":1,"5":1,"6":0,"7":0,"8":0,"9":1,"10":1,"11":1},"f":{"0":2},"b":{"0":[1,1],"1":[0,1]}},"/home/ali-raza/VSI/Personal/NPM PKG/GitLive/proj-track/src/commands/resume.ts":{"path":"/home/ali-raza/VSI/Personal/NPM PKG/GitLive/proj-track/src/commands/resume.ts","statementMap":{"0":{"start":{"line":10,"column":21},"end":{"line":10,"column":65}},"1":{"start":{"line":11,"column":21},"end":{"line":11,"column":43}},"2":{"start":{"line":13,"column":2},"end":{"line":21,"column":3}},"3":{"start":{"line":14,"column":4},"end":{"line":19,"column":5}},"4":{"start":{"line":15,"column":6},"end":{"line":15,"column":59}},"5":{"start":{"line":17,"column":6},"end":{"line":17,"column":80}},"6":{"start":{"line":18,"column":6},"end":{"line":18,"column":61}},"7":{"start":{"line":20,"column":4},"end":{"line":20,"column":11}},"8":{"start":{"line":23,"column":2},"end":{"line":23,"column":40}},"9":{"start":{"line":24,"column":2},"end":{"line":24,"column":50}}},"fnMap":{"0":{"name":"resumeCommand","decl":{"start":{"line":9,"column":22},"end":{"line":9,"column":35}},"loc":{"start":{"line":9,"column":35},"end":{"line":25,"column":1}}}},"branchMap":{"0":{"loc":{"start":{"line":13,"column":2},"end":{"line":21,"column":3}},"type":"if","locations":[{"start":{"line":13,"column":2},"end":{"line":21,"column":3}},{"start":{},"end":{}}]},"1":{"loc":{"start":{"line":14,"column":4},"end":{"line":19,"column":5}},"type":"if","locations":[{"start":{"line":14,"column":4},"end":{"line":19,"column":5}},{"start":{"line":16,"column":11},"end":{"line":19,"column":5}}]}},"s":{"0":1,"1":1,"2":1,"3":0,"4":0,"5":0,"6":0,"7":0,"8":1,"9":1},"f":{"0":1},"b":{"0":[0,1],"1":[0,0]}},"/home/ali-raza/VSI/Personal/NPM PKG/GitLive/proj-track/src/commands/remove.ts":{"path":"/home/ali-raza/VSI/Personal/NPM PKG/GitLive/proj-track/src/commands/remove.ts","statementMap":{"0":{"start":{"line":12,"column":14},"end":{"line":12,"column":27}},"1":{"start":{"line":13,"column":21},"end":{"line":13,"column":55}},"2":{"start":{"line":14,"column":21},"end":{"line":14,"column":43}},"3":{"start":{"line":15,"column":23},"end":{"line":15,"column":61}},"4":{"start":{"line":18,"column":2},"end":{"line":20,"column":3}},"5":{"start":{"line":19,"column":4},"end":{"line":19,"column":42}},"6":{"start":{"line":22,"column":2},"end":{"line":30,"column":3}},"7":{"start":{"line":24,"column":4},"end":{"line":28,"column":5}},"8":{"start":{"line":25,"column":6},"end":{"line":25,"column":84}},"9":{"start":{"line":27,"column":6},"end":{"line":27,"column":80}},"10":{"start":{"line":29,"column":4},"end":{"line":29,"column":11}},"11":{"start":{"line":33,"column":2},"end":{"line":33,"column":17}},"12":{"start":{"line":36,"column":2},"end":{"line":36,"column":136}},"13":{"start":{"line":38,"column":2},"end":{"line":38,"column":70}},"14":{"start":{"line":39,"column":2},"end":{"line":39,"column":63}},"15":{"start":{"line":40,"column":2},"end":{"line":40,"column":88}}},"fnMap":{"0":{"name":"removeCommand","decl":{"start":{"line":11,"column":22},"end":{"line":11,"column":35}},"loc":{"start":{"line":11,"column":35},"end":{"line":41,"column":1}}}},"branchMap":{"0":{"loc":{"start":{"line":18,"column":2},"end":{"line":20,"column":3}},"type":"if","locations":[{"start":{"line":18,"column":2},"end":{"line":20,"column":3}},{"start":{},"end":{}}]},"1":{"loc":{"start":{"line":22,"column":2},"end":{"line":30,"column":3}},"type":"if","locations":[{"start":{"line":22,"column":2},"end":{"line":30,"column":3}},{"start":{},"end":{}}]},"2":{"loc":{"start":{"line":24,"column":4},"end":{"line":28,"column":5}},"type":"if","locations":[{"start":{"line":24,"column":4},"end":{"line":28,"column":5}},{"start":{"line":26,"column":11},"end":{"line":28,"column":5}}]}},"s":{"0":2,"1":2,"2":2,"3":2,"4":2,"5":1,"6":2,"7":0,"8":0,"9":0,"10":0,"11":2,"12":2,"13":2,"14":2,"15":2},"f":{"0":2},"b":{"0":[1,1],"1":[0,2],"2":[0,0]}},"/home/ali-raza/VSI/Personal/NPM PKG/GitLive/proj-track/src/commands/clear.ts":{"path":"/home/ali-raza/VSI/Personal/NPM PKG/GitLive/proj-track/src/commands/clear.ts","statementMap":{"0":{"start":{"line":9,"column":2},"end":{"line":12,"column":3}},"1":{"start":{"line":10,"column":4},"end":{"line":10,"column":58}},"2":{"start":{"line":11,"column":4},"end":{"line":11,"column":11}},"3":{"start":{"line":14,"column":2},"end":{"line":14,"column":17}},"4":{"start":{"line":15,"column":2},"end":{"line":15,"column":57}}},"fnMap":{"0":{"name":"clearCommand","decl":{"start":{"line":8,"column":22},"end":{"line":8,"column":34}},"loc":{"start":{"line":8,"column":34},"end":{"line":16,"column":1}}}},"branchMap":{"0":{"loc":{"start":{"line":9,"column":2},"end":{"line":12,"column":3}},"type":"if","locations":[{"start":{"line":9,"column":2},"end":{"line":12,"column":3}},{"start":{},"end":{}}]}},"s":{"0":1,"1":0,"2":0,"3":1,"4":1},"f":{"0":1},"b":{"0":[0,1]}},"/home/ali-raza/VSI/Personal/NPM PKG/GitLive/proj-track/src/commands/list.ts":{"path":"/home/ali-raza/VSI/Personal/NPM PKG/GitLive/proj-track/src/commands/list.ts","statementMap":{"0":{"start":{"line":9,"column":2},"end":{"line":12,"column":3}},"1":{"start":{"line":10,"column":4},"end":{"line":10,"column":100}},"2":{"start":{"line":11,"column":4},"end":{"line":11,"column":11}},"3":{"start":{"line":14,"column":2},"end":{"line":17,"column":3}},"4":{"start":{"line":15,"column":4},"end":{"line":15,"column":88}},"5":{"start":{"line":16,"column":4},"end":{"line":16,"column":11}},"6":{"start":{"line":19,"column":18},"end":{"line":19,"column":31}},"7":{"start":{"line":21,"column":2},"end":{"line":25,"column":3}},"8":{"start":{"line":22,"column":4},"end":{"line":22,"column":55}},"9":{"start":{"line":23,"column":4},"end":{"line":23,"column":97}},"10":{"start":{"line":24,"column":4},"end":{"line":24,"column":11}},"11":{"start":{"line":27,"column":2},"end":{"line":27,"column":18}},"12":{"start":{"line":28,"column":2},"end":{"line":28,"column":77}},"13":{"start":{"line":29,"column":2},"end":{"line":29,"column":74}},"14":{"start":{"line":30,"column":2},"end":{"line":30,"column":48}},"15":{"start":{"line":32,"column":2},"end":{"line":37,"column":3}},"16":{"start":{"line":33,"column":15},"end":{"line":33,"column":54}},"17":{"start":{"line":34,"column":15},"end":{"line":34,"column":52}},"18":{"start":{"line":35,"column":16},"end":{"line":35,"column":42}},"19":{"start":{"line":36,"column":4},"end":{"line":36,"column":38}},"20":{"start":{"line":39,"column":2},"end":{"line":39,"column":18}}},"fnMap":{"0":{"name":"listCommand","decl":{"start":{"line":8,"column":22},"end":{"line":8,"column":33}},"loc":{"start":{"line":8,"column":33},"end":{"line":40,"column":1}}}},"branchMap":{"0":{"loc":{"start":{"line":9,"column":2},"end":{"line":12,"column":3}},"type":"if","locations":[{"start":{"line":9,"column":2},"end":{"line":12,"column":3}},{"start":{},"end":{}}]},"1":{"loc":{"start":{"line":14,"column":2},"end":{"line":17,"column":3}},"type":"if","locations":[{"start":{"line":14,"column":2},"end":{"line":17,"column":3}},{"start":{},"end":{}}]},"2":{"loc":{"start":{"line":21,"column":2},"end":{"line":25,"column":3}},"type":"if","locations":[{"start":{"line":21,"column":2},"end":{"line":25,"column":3}},{"start":{},"end":{}}]}},"s":{"0":2,"1":0,"2":0,"3":2,"4":0,"5":0,"6":2,"7":2,"8":1,"9":1,"10":1,"11":1,"12":1,"13":1,"14":1,"15":1,"16":2,"17":2,"18":2,"19":2,"20":1},"f":{"0":2},"b":{"0":[0,2],"1":[0,2],"2":[1,1]}}}}
